[debug] > Exec(early(addDefaultCommands), None, None)
[debug] > Exec(addDefaultCommands, None, None)
[debug] > Exec(early(initialize), None, None)
[debug] > Exec(initialize, None, None)
[debug] > Exec(boot, None, None)
[debug] > Exec(writeSbtVersion, None, None)
[debug] > Exec(reload, None, None)
[debug] > Exec(sbtStashOnFailure, None, None)
[debug] > Exec(onFailure loadFailed, None, None)
[debug] > Exec(loadp, None, None)
[info] welcome to sbt 1.5.1 (Oracle Corporation Java 15.0.2)
[debug]       Load.loadUnit: plugins took 88.1274ms
[debug]       Load.loadUnit: defsScala took 0.4193ms
[debug] [Loading] Scanning directory C:\Users\Ramses\.sbt\1.0\plugins
[debug] [Loading] Found non-root projects 
[debug] [Loading] Done in C:\Users\Ramses\.sbt\1.0\plugins, returning: ()
[debug] deducing auto plugins based on known facts Set(Atom(sbt.plugins.CorePlugin)) and clauses Clauses(Clause(Atom(sbt.plugins.JvmPlugin),Set(Atom(sbt.plugins.IvyPlugin)))
[debug] Clause(Atom(sbt.ScriptedPlugin),Set(Atom(sbt.plugins.JvmPlugin)))
[debug] Clause(Atom(sbt.plugins.SbtPlugin),Set(Atom(sbt.ScriptedPlugin)))
[debug] Clause(Atom(sbt.plugins.SemanticdbPlugin),Set(Atom(sbt.plugins.JvmPlugin)))
[debug] Clause(Atom(sbt.plugins.JUnitXmlReportPlugin),Set(Atom(sbt.plugins.JvmPlugin)))
[debug] Clause(Atom(sbt.plugins.MiniDependencyTreePlugin),Set(Atom(sbt.plugins.JvmPlugin)))
[debug] Clause(Atom(sbt.plugins.CorePlugin),Set(Atom(sbt.plugins.IvyPlugin)))
[debug] Clause(Atom(sbt.plugins.IvyPlugin),Set(Atom(sbt.plugins.JvmPlugin)))
[debug] Clause(Atom(sbt.plugins.JvmPlugin),Set(Atom(sbt.plugins.SemanticdbPlugin)))
[debug] Clause(Atom(sbt.plugins.JvmPlugin),Set(Atom(sbt.plugins.JUnitXmlReportPlugin)))
[debug] Clause(Atom(sbt.plugins.CorePlugin),Set(Atom(sbt.plugins.Giter8TemplatePlugin)))
[debug] Clause(Atom(sbt.plugins.JvmPlugin),Set(Atom(sbt.plugins.MiniDependencyTreePlugin))))
[debug]   :: deduced result: Matched(sbt.plugins.CorePlugin,sbt.plugins.Giter8TemplatePlugin,sbt.plugins.IvyPlugin,sbt.plugins.JvmPlugin,sbt.plugins.MiniDependencyTreePlugin,sbt.plugins.JUnitXmlReportPlugin,sbt.plugins.SemanticdbPlugin)
[debug] Plugins.deducer#function took 16.9092 ms
[debug]           Load.resolveProject(global-plugins) took 37.5198ms
[debug]         Load.loadTransitive: finalizeProject(Project(id global-plugins, base: C:\Users\Ramses\.sbt\1.0\plugins, plugins: List(<none>))) took 77.7188ms
[debug] [Loading] Done in C:\Users\Ramses\.sbt\1.0\plugins, returning: (global-plugins)
[debug]       Load.loadUnit: loadedProjectsRaw took 105.4851ms
[debug]       Load.loadUnit: cleanEvalClasses took 0.2368ms
[debug]     Load.loadUnit(file:/C:/Users/Ramses/.sbt/1.0/plugins/, ...) took 206.3453ms
[debug]   Load.apply: load took 383.9883ms
[debug]   Load.apply: resolveProjects took 6.7272ms
[debug]   Load.apply: finalTransforms took 81.6585ms
[debug]   Load.apply: config.delegates took 9.5449ms
[debug]   Load.apply: Def.make(settings)... took 458.4259ms
[debug]   Load.apply: structureIndex took 118.4374ms
[debug]   Load.apply: mkStreams took 1.8597ms
[info] loading global plugins from C:\Users\Ramses\.sbt\1.0\plugins
[debug] Running task... Cancel: Signal, check cycles: false, forcegc: true
[debug] Load.defaultLoad until apply took 2586.2853ms
[debug]           Load.loadUnit: plugins took 24.401ms
[debug]           Load.loadUnit: defsScala took 0.0037ms
[debug] [Loading] Scanning directory E:\Ramses\programming\backend_akka\week9\project
[debug] [Loading] Found non-root projects 
[debug] [Loading] Done in E:\Ramses\programming\backend_akka\week9\project, returning: ()
[debug] deducing auto plugins based on known facts Set(Atom(sbt.plugins.CorePlugin)) and clauses Clauses(Clause(Atom(sbt.plugins.JvmPlugin),Set(Atom(sbt.plugins.IvyPlugin)))
[debug] Clause(Atom(sbt.ScriptedPlugin),Set(Atom(sbt.plugins.JvmPlugin)))
[debug] Clause(Atom(sbt.plugins.SbtPlugin),Set(Atom(sbt.ScriptedPlugin)))
[debug] Clause(Atom(sbt.plugins.SemanticdbPlugin),Set(Atom(sbt.plugins.JvmPlugin)))
[debug] Clause(Atom(sbt.plugins.JUnitXmlReportPlugin),Set(Atom(sbt.plugins.JvmPlugin)))
[debug] Clause(Atom(sbt.plugins.MiniDependencyTreePlugin),Set(Atom(sbt.plugins.JvmPlugin)))
[debug] Clause(Atom(sbt.plugins.CorePlugin),Set(Atom(sbt.plugins.IvyPlugin)))
[debug] Clause(Atom(sbt.plugins.IvyPlugin),Set(Atom(sbt.plugins.JvmPlugin)))
[debug] Clause(Atom(sbt.plugins.JvmPlugin),Set(Atom(sbt.plugins.SemanticdbPlugin)))
[debug] Clause(Atom(sbt.plugins.JvmPlugin),Set(Atom(sbt.plugins.JUnitXmlReportPlugin)))
[debug] Clause(Atom(sbt.plugins.CorePlugin),Set(Atom(sbt.plugins.Giter8TemplatePlugin)))
[debug] Clause(Atom(sbt.plugins.JvmPlugin),Set(Atom(sbt.plugins.MiniDependencyTreePlugin))))
[debug]   :: deduced result: Matched(sbt.plugins.CorePlugin,sbt.plugins.Giter8TemplatePlugin,sbt.plugins.IvyPlugin,sbt.plugins.JvmPlugin,sbt.plugins.MiniDependencyTreePlugin,sbt.plugins.JUnitXmlReportPlugin,sbt.plugins.SemanticdbPlugin)
[debug] Plugins.deducer#function took 1.9421 ms
[debug]               Load.resolveProject(week9-build) took 0.9612ms
[debug]             Load.loadTransitive: finalizeProject(Project(id week9-build, base: E:\Ramses\programming\backend_akka\week9\project, plugins: List(<none>))) took 3.3559ms
[debug] [Loading] Done in E:\Ramses\programming\backend_akka\week9\project, returning: (week9-build)
[debug]           Load.loadUnit: loadedProjectsRaw took 5.0123ms
[debug]           Load.loadUnit: cleanEvalClasses took 0.0094ms
[debug]         Load.loadUnit(file:/E:/Ramses/programming/backend_akka/week9/project/, ...) took 30.303ms
[debug]       Load.apply: load took 31.7289ms
[debug]       Load.apply: resolveProjects took 0.1115ms
[debug]       Load.apply: finalTransforms took 12.5839ms
[debug]       Load.apply: config.delegates took 0.7251ms
[debug]       Load.apply: Def.make(settings)... took 84.4126ms
[debug]       Load.apply: structureIndex took 50.7107ms
[debug]       Load.apply: mkStreams took 0.0031ms
[info] loading project definition from E:\Ramses\programming\backend_akka\week9\project
[debug] Running task... Cancel: Signal, check cycles: false, forcegc: true
[debug]     Load.loadUnit: plugins took 360.7206ms
[debug]     Load.loadUnit: defsScala took 0.0044ms
[debug] [Loading] Scanning directory E:\Ramses\programming\backend_akka\week9
[debug]       Load.loadUnit: mkEval took 5.0665ms
[debug] [Loading] Found non-root projects 
[debug] [Loading] Done in E:\Ramses\programming\backend_akka\week9, returning: ()
[debug] deducing auto plugins based on known facts Set(Atom(sbt.plugins.CorePlugin)) and clauses Clauses(Clause(Atom(sbt.plugins.JvmPlugin),Set(Atom(sbt.plugins.IvyPlugin)))
[debug] Clause(Atom(sbt.ScriptedPlugin),Set(Atom(sbt.plugins.JvmPlugin)))
[debug] Clause(Atom(sbt.plugins.SbtPlugin),Set(Atom(sbt.ScriptedPlugin)))
[debug] Clause(Atom(sbt.plugins.SemanticdbPlugin),Set(Atom(sbt.plugins.JvmPlugin)))
[debug] Clause(Atom(sbt.plugins.JUnitXmlReportPlugin),Set(Atom(sbt.plugins.JvmPlugin)))
[debug] Clause(Atom(sbt.plugins.MiniDependencyTreePlugin),Set(Atom(sbt.plugins.JvmPlugin)))
[debug] Clause(Atom(sbt.plugins.CorePlugin),Set(Atom(sbt.plugins.IvyPlugin)))
[debug] Clause(Atom(sbt.plugins.IvyPlugin),Set(Atom(sbt.plugins.JvmPlugin)))
[debug] Clause(Atom(sbt.plugins.JvmPlugin),Set(Atom(sbt.plugins.SemanticdbPlugin)))
[debug] Clause(Atom(sbt.plugins.JvmPlugin),Set(Atom(sbt.plugins.JUnitXmlReportPlugin)))
[debug] Clause(Atom(sbt.plugins.CorePlugin),Set(Atom(sbt.plugins.Giter8TemplatePlugin)))
[debug] Clause(Atom(sbt.plugins.JvmPlugin),Set(Atom(sbt.plugins.MiniDependencyTreePlugin))))
[debug]   :: deduced result: Matched(sbt.plugins.CorePlugin,sbt.plugins.Giter8TemplatePlugin,sbt.plugins.IvyPlugin,sbt.plugins.JvmPlugin,sbt.plugins.MiniDependencyTreePlugin,sbt.plugins.JUnitXmlReportPlugin,sbt.plugins.SemanticdbPlugin)
[debug] Plugins.deducer#function took 2.9746 ms
[info] loading settings for project week9 from build.sbt ...
[debug]         Load.resolveProject(week9) took 3.8086ms
[debug]       Load.loadTransitive: finalizeProject(Project(id week9, base: E:\Ramses\programming\backend_akka\week9, plugins: List(<none>))) took 7.8979ms
[debug] [Loading] Done in E:\Ramses\programming\backend_akka\week9, returning: (week9)
[debug]     Load.loadUnit: loadedProjectsRaw took 168.0349ms
[debug]     Load.loadUnit: cleanEvalClasses took 13.6114ms
[debug]   Load.loadUnit(file:/E:/Ramses/programming/backend_akka/week9/, ...) took 543.5141ms
[debug] Load.apply: load took 545.2495ms
[debug] Load.apply: resolveProjects took 0.2122ms
[debug] Load.apply: finalTransforms took 18.0735ms
[debug] Load.apply: config.delegates took 0.4821ms
[debug] Load.apply: Def.make(settings)... took 131.9889ms
[debug] Load.apply: structureIndex took 38.1283ms
[debug] Load.apply: mkStreams took 0.0021ms
[info] set current project to week9 (in build file:/E:/Ramses/programming/backend_akka/week9/)
[debug] > Exec(sbtPopOnFailure, None, None)
[debug] > Exec(resumeFromFailure, None, None)
[debug] > Exec(notifyUsersAboutShell, None, None)
[debug] > Exec(iflast shell, None, None)
[debug] > Exec(run, None, None)
[debug] Evaluating tasks: Compile / run
[debug] Running task... Cancel: Signal, check cycles: false, forcegc: true
[info] compiling 1 Scala source to E:\Ramses\programming\backend_akka\week9\target\scala-2.13\classes ...
[info] done compiling
