[debug] > Exec(early(addDefaultCommands), None, None)
[debug] > Exec(addDefaultCommands, None, None)
[debug] > Exec(early(initialize), None, None)
[debug] > Exec(initialize, None, None)
[debug] > Exec(boot, None, None)
[debug] > Exec(writeSbtVersion, None, None)
[debug] > Exec(reload, None, None)
[debug] > Exec(sbtStashOnFailure, None, None)
[debug] > Exec(onFailure loadFailed, None, None)
[debug] > Exec(loadp, None, None)
[info] welcome to sbt 1.5.1 (Oracle Corporation Java 15.0.2)
[debug]       Load.loadUnit: plugins took 90.6905ms
[debug]       Load.loadUnit: defsScala took 0.315ms
[debug] [Loading] Scanning directory C:\Users\Ramses\.sbt\1.0\plugins
[debug] [Loading] Found non-root projects 
[debug] [Loading] Done in C:\Users\Ramses\.sbt\1.0\plugins, returning: ()
[debug] deducing auto plugins based on known facts Set(Atom(sbt.plugins.CorePlugin)) and clauses Clauses(Clause(Atom(sbt.plugins.JvmPlugin),Set(Atom(sbt.plugins.IvyPlugin)))
[debug] Clause(Atom(sbt.ScriptedPlugin),Set(Atom(sbt.plugins.JvmPlugin)))
[debug] Clause(Atom(sbt.plugins.SbtPlugin),Set(Atom(sbt.ScriptedPlugin)))
[debug] Clause(Atom(sbt.plugins.SemanticdbPlugin),Set(Atom(sbt.plugins.JvmPlugin)))
[debug] Clause(Atom(sbt.plugins.JUnitXmlReportPlugin),Set(Atom(sbt.plugins.JvmPlugin)))
[debug] Clause(Atom(sbt.plugins.MiniDependencyTreePlugin),Set(Atom(sbt.plugins.JvmPlugin)))
[debug] Clause(Atom(sbt.plugins.CorePlugin),Set(Atom(sbt.plugins.IvyPlugin)))
[debug] Clause(Atom(sbt.plugins.IvyPlugin),Set(Atom(sbt.plugins.JvmPlugin)))
[debug] Clause(Atom(sbt.plugins.JvmPlugin),Set(Atom(sbt.plugins.SemanticdbPlugin)))
[debug] Clause(Atom(sbt.plugins.JvmPlugin),Set(Atom(sbt.plugins.JUnitXmlReportPlugin)))
[debug] Clause(Atom(sbt.plugins.CorePlugin),Set(Atom(sbt.plugins.Giter8TemplatePlugin)))
[debug] Clause(Atom(sbt.plugins.JvmPlugin),Set(Atom(sbt.plugins.MiniDependencyTreePlugin))))
[debug]   :: deduced result: Matched(sbt.plugins.CorePlugin,sbt.plugins.Giter8TemplatePlugin,sbt.plugins.IvyPlugin,sbt.plugins.JvmPlugin,sbt.plugins.MiniDependencyTreePlugin,sbt.plugins.JUnitXmlReportPlugin,sbt.plugins.SemanticdbPlugin)
[debug] Plugins.deducer#function took 14.6887 ms
[debug]           Load.resolveProject(global-plugins) took 47.3164ms
[debug]         Load.loadTransitive: finalizeProject(Project(id global-plugins, base: C:\Users\Ramses\.sbt\1.0\plugins, plugins: List(<none>))) took 82.2691ms
[debug] [Loading] Done in C:\Users\Ramses\.sbt\1.0\plugins, returning: (global-plugins)
[debug]       Load.loadUnit: loadedProjectsRaw took 102.7181ms
[debug]       Load.loadUnit: cleanEvalClasses took 0.4872ms
[debug]     Load.loadUnit(file:/C:/Users/Ramses/.sbt/1.0/plugins/, ...) took 205.1567ms
[debug]   Load.apply: load took 396.9805ms
[debug]   Load.apply: resolveProjects took 5.8141ms
[debug]   Load.apply: finalTransforms took 80.6223ms
[debug]   Load.apply: config.delegates took 9.9724ms
[debug]   Load.apply: Def.make(settings)... took 474.738ms
[debug]   Load.apply: structureIndex took 125.6867ms
[debug]   Load.apply: mkStreams took 1.6501ms
[info] loading global plugins from C:\Users\Ramses\.sbt\1.0\plugins
[debug] Running task... Cancel: Signal, check cycles: false, forcegc: true
[debug] Load.defaultLoad until apply took 2646.7892ms
[debug]           Load.loadUnit: plugins took 27.4305ms
[debug]           Load.loadUnit: defsScala took 0.0049ms
[debug] [Loading] Scanning directory E:\Ramses\programming\backend_akka\week9\project
[debug] [Loading] Found non-root projects 
[debug] [Loading] Done in E:\Ramses\programming\backend_akka\week9\project, returning: ()
[debug] deducing auto plugins based on known facts Set(Atom(sbt.plugins.CorePlugin)) and clauses Clauses(Clause(Atom(sbt.plugins.JvmPlugin),Set(Atom(sbt.plugins.IvyPlugin)))
[debug] Clause(Atom(sbt.ScriptedPlugin),Set(Atom(sbt.plugins.JvmPlugin)))
[debug] Clause(Atom(sbt.plugins.SbtPlugin),Set(Atom(sbt.ScriptedPlugin)))
[debug] Clause(Atom(sbt.plugins.SemanticdbPlugin),Set(Atom(sbt.plugins.JvmPlugin)))
[debug] Clause(Atom(sbt.plugins.JUnitXmlReportPlugin),Set(Atom(sbt.plugins.JvmPlugin)))
[debug] Clause(Atom(sbt.plugins.MiniDependencyTreePlugin),Set(Atom(sbt.plugins.JvmPlugin)))
[debug] Clause(Atom(sbt.plugins.CorePlugin),Set(Atom(sbt.plugins.IvyPlugin)))
[debug] Clause(Atom(sbt.plugins.IvyPlugin),Set(Atom(sbt.plugins.JvmPlugin)))
[debug] Clause(Atom(sbt.plugins.JvmPlugin),Set(Atom(sbt.plugins.SemanticdbPlugin)))
[debug] Clause(Atom(sbt.plugins.JvmPlugin),Set(Atom(sbt.plugins.JUnitXmlReportPlugin)))
[debug] Clause(Atom(sbt.plugins.CorePlugin),Set(Atom(sbt.plugins.Giter8TemplatePlugin)))
[debug] Clause(Atom(sbt.plugins.JvmPlugin),Set(Atom(sbt.plugins.MiniDependencyTreePlugin))))
[debug]   :: deduced result: Matched(sbt.plugins.CorePlugin,sbt.plugins.Giter8TemplatePlugin,sbt.plugins.IvyPlugin,sbt.plugins.JvmPlugin,sbt.plugins.MiniDependencyTreePlugin,sbt.plugins.JUnitXmlReportPlugin,sbt.plugins.SemanticdbPlugin)
[debug] Plugins.deducer#function took 2.2992 ms
[debug]               Load.resolveProject(week9-build) took 1.5047ms
[debug]             Load.loadTransitive: finalizeProject(Project(id week9-build, base: E:\Ramses\programming\backend_akka\week9\project, plugins: List(<none>))) took 4.5477ms
[debug] [Loading] Done in E:\Ramses\programming\backend_akka\week9\project, returning: (week9-build)
[debug]           Load.loadUnit: loadedProjectsRaw took 6.6695ms
[debug]           Load.loadUnit: cleanEvalClasses took 0.0163ms
[debug]         Load.loadUnit(file:/E:/Ramses/programming/backend_akka/week9/project/, ...) took 35.0854ms
[debug]       Load.apply: load took 37.3913ms
[debug]       Load.apply: resolveProjects took 0.1862ms
[debug]       Load.apply: finalTransforms took 18.093ms
[debug]       Load.apply: config.delegates took 0.7611ms
[debug]       Load.apply: Def.make(settings)... took 152.7103ms
[debug]       Load.apply: structureIndex took 57.8349ms
[debug]       Load.apply: mkStreams took 0.0027ms
[info] loading project definition from E:\Ramses\programming\backend_akka\week9\project
[debug] Running task... Cancel: Signal, check cycles: false, forcegc: true
[debug]     Load.loadUnit: plugins took 480.8631ms
[debug]     Load.loadUnit: defsScala took 0.005ms
[debug] [Loading] Scanning directory E:\Ramses\programming\backend_akka\week9
[debug]       Load.loadUnit: mkEval took 7.7362ms
[debug] [Loading] Found non-root projects 
[debug] [Loading] Done in E:\Ramses\programming\backend_akka\week9, returning: ()
[debug] deducing auto plugins based on known facts Set(Atom(sbt.plugins.CorePlugin)) and clauses Clauses(Clause(Atom(sbt.plugins.JvmPlugin),Set(Atom(sbt.plugins.IvyPlugin)))
[debug] Clause(Atom(sbt.ScriptedPlugin),Set(Atom(sbt.plugins.JvmPlugin)))
[debug] Clause(Atom(sbt.plugins.SbtPlugin),Set(Atom(sbt.ScriptedPlugin)))
[debug] Clause(Atom(sbt.plugins.SemanticdbPlugin),Set(Atom(sbt.plugins.JvmPlugin)))
[debug] Clause(Atom(sbt.plugins.JUnitXmlReportPlugin),Set(Atom(sbt.plugins.JvmPlugin)))
[debug] Clause(Atom(sbt.plugins.MiniDependencyTreePlugin),Set(Atom(sbt.plugins.JvmPlugin)))
[debug] Clause(Atom(sbt.plugins.CorePlugin),Set(Atom(sbt.plugins.IvyPlugin)))
[debug] Clause(Atom(sbt.plugins.IvyPlugin),Set(Atom(sbt.plugins.JvmPlugin)))
[debug] Clause(Atom(sbt.plugins.JvmPlugin),Set(Atom(sbt.plugins.SemanticdbPlugin)))
[debug] Clause(Atom(sbt.plugins.JvmPlugin),Set(Atom(sbt.plugins.JUnitXmlReportPlugin)))
[debug] Clause(Atom(sbt.plugins.CorePlugin),Set(Atom(sbt.plugins.Giter8TemplatePlugin)))
[debug] Clause(Atom(sbt.plugins.JvmPlugin),Set(Atom(sbt.plugins.MiniDependencyTreePlugin))))
[debug]   :: deduced result: Matched(sbt.plugins.CorePlugin,sbt.plugins.Giter8TemplatePlugin,sbt.plugins.IvyPlugin,sbt.plugins.JvmPlugin,sbt.plugins.MiniDependencyTreePlugin,sbt.plugins.JUnitXmlReportPlugin,sbt.plugins.SemanticdbPlugin)
[debug] Plugins.deducer#function took 1.953 ms
[info] loading settings for project week9 from build.sbt ...
[debug]         Load.resolveProject(week9) took 4.9431ms
[debug]       Load.loadTransitive: finalizeProject(Project(id week9, base: E:\Ramses\programming\backend_akka\week9, plugins: List(<none>))) took 7.553ms
[debug] [Loading] Done in E:\Ramses\programming\backend_akka\week9, returning: (week9)
[debug]     Load.loadUnit: loadedProjectsRaw took 181.1185ms
[debug]     Load.loadUnit: cleanEvalClasses took 11.167ms
[debug]   Load.loadUnit(file:/E:/Ramses/programming/backend_akka/week9/, ...) took 674.3795ms
[debug] Load.apply: load took 676.6918ms
[debug] Load.apply: resolveProjects took 0.2696ms
[debug] Load.apply: finalTransforms took 12.8962ms
[debug] Load.apply: config.delegates took 0.6109ms
[debug] Load.apply: Def.make(settings)... took 132.3645ms
[debug] Load.apply: structureIndex took 43.0616ms
[debug] Load.apply: mkStreams took 0.0028ms
[info] set current project to week9 (in build file:/E:/Ramses/programming/backend_akka/week9/)
[debug] > Exec(sbtPopOnFailure, None, None)
[debug] > Exec(resumeFromFailure, None, None)
[debug] > Exec(notifyUsersAboutShell, None, None)
[debug] > Exec(iflast shell, None, None)
[debug] > Exec(run, None, None)
[debug] Evaluating tasks: Compile / run
[debug] Running task... Cancel: Signal, check cycles: false, forcegc: true
[info] compiling 1 Scala source to E:\Ramses\programming\backend_akka\week9\target\scala-2.13\classes ...
[info] done compiling
