[debug] > Exec(early(addDefaultCommands), None, None)
[debug] > Exec(addDefaultCommands, None, None)
[debug] > Exec(early(initialize), None, None)
[debug] > Exec(initialize, None, None)
[debug] > Exec(boot, None, None)
[debug] > Exec(writeSbtVersion, None, None)
[debug] > Exec(reload, None, None)
[debug] > Exec(sbtStashOnFailure, None, None)
[debug] > Exec(onFailure loadFailed, None, None)
[debug] > Exec(loadp, None, None)
[info] welcome to sbt 1.4.7 (Oracle Corporation Java 15.0.2)
[debug]       Load.loadUnit: plugins took 93.6598ms
[debug]       Load.loadUnit: defsScala took 0.3265ms
[debug] [Loading] Scanning directory C:\Users\Ramses\.sbt\1.0\plugins
[debug] [Loading] Found non-root projects 
[debug] [Loading] Done in C:\Users\Ramses\.sbt\1.0\plugins, returning: ()
[debug] deducing auto plugins based on known facts Set(Atom(sbt.plugins.CorePlugin)) and clauses Clauses(List(Clause(Atom(sbt.plugins.JvmPlugin),Set(Atom(sbt.plugins.IvyPlugin))), Clause(Atom(sbt.ScriptedPlugin),Set(Atom(sbt.plugins.JvmPlugin))), Clause(Atom(sbt.plugins.SbtPlugin),Set(Atom(sbt.ScriptedPlugin))), Clause(Atom(sbt.plugins.SemanticdbPlugin),Set(Atom(sbt.plugins.JvmPlugin))), Clause(Atom(sbt.plugins.JUnitXmlReportPlugin),Set(Atom(sbt.plugins.JvmPlugin))), Clause(Atom(sbt.plugins.MiniDependencyTreePlugin),Set(Atom(sbt.plugins.JvmPlugin))), Clause(Atom(sbt.plugins.CorePlugin),Set(Atom(sbt.plugins.IvyPlugin))), Clause(Atom(sbt.plugins.IvyPlugin),Set(Atom(sbt.plugins.JvmPlugin))), Clause(Atom(sbt.plugins.JvmPlugin),Set(Atom(sbt.plugins.SemanticdbPlugin))), Clause(Atom(sbt.plugins.JvmPlugin),Set(Atom(sbt.plugins.JUnitXmlReportPlugin))), Clause(Atom(sbt.plugins.CorePlugin),Set(Atom(sbt.plugins.Giter8TemplatePlugin))), Clause(Atom(sbt.plugins.JvmPlugin),Set(Atom(sbt.plugins.MiniDependencyTreePlugin)))))
[debug]   :: deduced result: Matched(sbt.plugins.CorePlugin,sbt.plugins.Giter8TemplatePlugin,sbt.plugins.IvyPlugin,sbt.plugins.JvmPlugin,sbt.plugins.MiniDependencyTreePlugin,sbt.plugins.JUnitXmlReportPlugin,sbt.plugins.SemanticdbPlugin)
[debug] Plugins.deducer#function took 22.9436 ms
[debug]           Load.resolveProject(global-plugins) took 46.8397ms
[debug]         Load.loadTransitive: finalizeProject(Project(id global-plugins, base: C:\Users\Ramses\.sbt\1.0\plugins, plugins: List(<none>))) took 92.0562ms
[debug] [Loading] Done in C:\Users\Ramses\.sbt\1.0\plugins, returning: (global-plugins)
[debug]       Load.loadUnit: loadedProjectsRaw took 112.8554ms
[debug]       Load.loadUnit: cleanEvalClasses took 0.3306ms
[debug]     Load.loadUnit(file:/C:/Users/Ramses/.sbt/1.0/plugins/, ...) took 217.8962ms
[debug]   Load.apply: load took 386.0677ms
[debug]   Load.apply: resolveProjects took 6.4979ms
[debug]   Load.apply: finalTransforms took 64.8996ms
[debug]   Load.apply: config.delegates took 7.7051ms
[debug]   Load.apply: Def.make(settings)... took 781.3193ms
[debug]   Load.apply: structureIndex took 118.4145ms
[debug]   Load.apply: mkStreams took 1.279ms
[info] loading global plugins from C:\Users\Ramses\.sbt\1.0\plugins
[debug] Running task... Cancel: Signal, check cycles: false, forcegc: true
[debug] Load.defaultLoad until apply took 2748.5744ms
[debug]           Load.loadUnit: plugins took 29.4713ms
[debug]           Load.loadUnit: defsScala took 0.0049ms
[debug] [Loading] Scanning directory E:\Ramses\programming\backend_akka\week6_2\project
[debug] [Loading] Found non-root projects 
[debug] [Loading] Done in E:\Ramses\programming\backend_akka\week6_2\project, returning: ()
[debug] deducing auto plugins based on known facts Set(Atom(sbt.plugins.CorePlugin)) and clauses Clauses(List(Clause(Atom(sbt.plugins.JvmPlugin),Set(Atom(sbt.plugins.IvyPlugin))), Clause(Atom(sbt.ScriptedPlugin),Set(Atom(sbt.plugins.JvmPlugin))), Clause(Atom(sbt.plugins.SbtPlugin),Set(Atom(sbt.ScriptedPlugin))), Clause(Atom(sbt.plugins.SemanticdbPlugin),Set(Atom(sbt.plugins.JvmPlugin))), Clause(Atom(sbt.plugins.JUnitXmlReportPlugin),Set(Atom(sbt.plugins.JvmPlugin))), Clause(Atom(sbt.plugins.MiniDependencyTreePlugin),Set(Atom(sbt.plugins.JvmPlugin))), Clause(Atom(sbt.plugins.CorePlugin),Set(Atom(sbt.plugins.IvyPlugin))), Clause(Atom(sbt.plugins.IvyPlugin),Set(Atom(sbt.plugins.JvmPlugin))), Clause(Atom(sbt.plugins.JvmPlugin),Set(Atom(sbt.plugins.SemanticdbPlugin))), Clause(Atom(sbt.plugins.JvmPlugin),Set(Atom(sbt.plugins.JUnitXmlReportPlugin))), Clause(Atom(sbt.plugins.CorePlugin),Set(Atom(sbt.plugins.Giter8TemplatePlugin))), Clause(Atom(sbt.plugins.JvmPlugin),Set(Atom(sbt.plugins.MiniDependencyTreePlugin)))))
[debug]   :: deduced result: Matched(sbt.plugins.CorePlugin,sbt.plugins.Giter8TemplatePlugin,sbt.plugins.IvyPlugin,sbt.plugins.JvmPlugin,sbt.plugins.MiniDependencyTreePlugin,sbt.plugins.JUnitXmlReportPlugin,sbt.plugins.SemanticdbPlugin)
[debug] Plugins.deducer#function took 2.9704 ms
[debug]               Load.resolveProject(week6_2-build) took 1.7117ms
[debug]             Load.loadTransitive: finalizeProject(Project(id week6_2-build, base: E:\Ramses\programming\backend_akka\week6_2\project, plugins: List(<none>))) took 5.659ms
[debug] [Loading] Done in E:\Ramses\programming\backend_akka\week6_2\project, returning: (week6_2-build)
[debug]           Load.loadUnit: loadedProjectsRaw took 8.3425ms
[debug]           Load.loadUnit: cleanEvalClasses took 0.0142ms
[debug]         Load.loadUnit(file:/E:/Ramses/programming/backend_akka/week6_2/project/, ...) took 38.9299ms
[debug]       Load.apply: load took 40.8771ms
[debug]       Load.apply: resolveProjects took 0.1225ms
[debug]       Load.apply: finalTransforms took 10.8164ms
[debug]       Load.apply: config.delegates took 0.7169ms
[debug]       Load.apply: Def.make(settings)... took 106.4948ms
[debug]       Load.apply: structureIndex took 40.4174ms
[debug]       Load.apply: mkStreams took 0.0032ms
[info] loading project definition from E:\Ramses\programming\backend_akka\week6_2\project
[debug] Running task... Cancel: Signal, check cycles: false, forcegc: true
[debug]     Load.loadUnit: plugins took 372.0318ms
[debug]     Load.loadUnit: defsScala took 0.0032ms
[debug] [Loading] Scanning directory E:\Ramses\programming\backend_akka\week6_2
[debug]       Load.loadUnit: mkEval took 4.3108ms
[debug] [Loading] Found non-root projects 
[debug] [Loading] Done in E:\Ramses\programming\backend_akka\week6_2, returning: ()
[debug] deducing auto plugins based on known facts Set(Atom(sbt.plugins.CorePlugin)) and clauses Clauses(List(Clause(Atom(sbt.plugins.JvmPlugin),Set(Atom(sbt.plugins.IvyPlugin))), Clause(Atom(sbt.ScriptedPlugin),Set(Atom(sbt.plugins.JvmPlugin))), Clause(Atom(sbt.plugins.SbtPlugin),Set(Atom(sbt.ScriptedPlugin))), Clause(Atom(sbt.plugins.SemanticdbPlugin),Set(Atom(sbt.plugins.JvmPlugin))), Clause(Atom(sbt.plugins.JUnitXmlReportPlugin),Set(Atom(sbt.plugins.JvmPlugin))), Clause(Atom(sbt.plugins.MiniDependencyTreePlugin),Set(Atom(sbt.plugins.JvmPlugin))), Clause(Atom(sbt.plugins.CorePlugin),Set(Atom(sbt.plugins.IvyPlugin))), Clause(Atom(sbt.plugins.IvyPlugin),Set(Atom(sbt.plugins.JvmPlugin))), Clause(Atom(sbt.plugins.JvmPlugin),Set(Atom(sbt.plugins.SemanticdbPlugin))), Clause(Atom(sbt.plugins.JvmPlugin),Set(Atom(sbt.plugins.JUnitXmlReportPlugin))), Clause(Atom(sbt.plugins.CorePlugin),Set(Atom(sbt.plugins.Giter8TemplatePlugin))), Clause(Atom(sbt.plugins.JvmPlugin),Set(Atom(sbt.plugins.MiniDependencyTreePlugin)))))
[debug]   :: deduced result: Matched(sbt.plugins.CorePlugin,sbt.plugins.Giter8TemplatePlugin,sbt.plugins.IvyPlugin,sbt.plugins.JvmPlugin,sbt.plugins.MiniDependencyTreePlugin,sbt.plugins.JUnitXmlReportPlugin,sbt.plugins.SemanticdbPlugin)
[debug] Plugins.deducer#function took 2.4549 ms
[info] loading settings for project week6_2 from build.sbt ...
[debug]         Load.resolveProject(week6_2) took 3.4834ms
[debug]       Load.loadTransitive: finalizeProject(Project(id week6_2, base: E:\Ramses\programming\backend_akka\week6_2, plugins: List(<none>))) took 6.677ms
[debug] [Loading] Done in E:\Ramses\programming\backend_akka\week6_2, returning: (week6_2)
[debug]     Load.loadUnit: loadedProjectsRaw took 140.3428ms
[debug]     Load.loadUnit: cleanEvalClasses took 11.4065ms
[debug]   Load.loadUnit(file:/E:/Ramses/programming/backend_akka/week6_2/, ...) took 524.9617ms
[debug] Load.apply: load took 527.297ms
[debug] Load.apply: resolveProjects took 0.1867ms
[debug] Load.apply: finalTransforms took 13.9482ms
[debug] Load.apply: config.delegates took 0.5999ms
[debug] Load.apply: Def.make(settings)... took 114.1843ms
[debug] Load.apply: structureIndex took 37.0514ms
[debug] Load.apply: mkStreams took 0.0034ms
[info] set current project to week6_2 (in build file:/E:/Ramses/programming/backend_akka/week6_2/)
[debug] > Exec(sbtPopOnFailure, None, None)
[debug] > Exec(resumeFromFailure, None, None)
[debug] > Exec(notifyUsersAboutShell, None, None)
[debug] > Exec(iflast shell, None, None)
[debug] > Exec(run, None, None)
[debug] Evaluating tasks: Compile / run
[debug] Running task... Cancel: Signal, check cycles: false, forcegc: true
[info] compiling 1 Scala source to E:\Ramses\programming\backend_akka\week6_2\target\scala-2.13\classes ...
[warn] 1 deprecation (since 2.11.0)
[warn] 1 deprecation (since 2.13.0)
[warn] 2 deprecations in total; re-run with -deprecation for details
[warn] three warnings found
[info] done compiling
